2023-07-06 02:16:58 Loading main app package /tmp/.mount_obsidiaNiFsc/resources/obsidian.asar
2023-07-06 02:16:58 Checking for update using Github
2023-07-06 02:16:59 Success.
2023-07-06 02:16:59 Latest version is 1.3.5
2023-07-06 02:16:59 Downloading update from https://github.com/obsidianmd/obsidian-releases/releases/download/v1.3.5/obsidian-1.3.5.asar.gz
2023-07-06 02:17:07 Verifying hash & signature. Size= 7610287
2023-07-06 02:17:07 Saving file
2023-07-06 02:17:07 Update complete.
2023-07-06 02:29:18 Loading updated app package /home/n-09/.config/obsidian/obsidian-1.3.5.asar
2023-07-06 02:29:18 Checking for update using Github
2023-07-06 02:29:18 Success.
2023-07-06 02:29:18 Latest version is 1.3.5
2023-07-06 02:29:18 App is up to date.
2023-07-06 02:53:54 Loading updated app package /home/n-09/.config/obsidian/obsidian-1.3.5.asar
2023-07-06 02:53:55 Checking for update using Github
2023-07-06 02:53:55 Success.
2023-07-06 02:53:55 Latest version is 1.3.5
2023-07-06 02:53:55 App is up to date.
2023-07-06 05:55:53 Loading updated app package /home/n-09/.config/obsidian/obsidian-1.3.5.asar
2023-07-06 05:55:54 Checking for update using Github
2023-07-06 05:55:54 Success.
2023-07-06 05:55:54 Latest version is 1.3.5
2023-07-06 05:55:54 App is up to date.
2023-07-06 06:55:53 Checking for update using Github
2023-07-06 06:55:54 Success.
2023-07-06 06:55:54 Latest version is 1.3.5
2023-07-06 06:55:54 App is up to date.
2023-07-06 07:25:47 Loading updated app package /home/n-09/.config/obsidian/obsidian-1.3.5.asar
2023-07-06 07:25:47 Checking for update using Github
2023-07-06 07:25:48 Success.
2023-07-06 07:25:48 Latest version is 1.3.5
2023-07-06 07:25:48 App is up to date.
2023-07-06 07:27:07 Loading updated app package /home/n-09/.config/obsidian/obsidian-1.3.5.asar
2023-07-06 07:27:08 Checking for update using Github
2023-07-06 07:27:08 Success.
2023-07-06 07:27:08 Latest version is 1.3.5
2023-07-06 07:27:08 App is up to date.
2023-07-06 08:27:07 Checking for update using Github
2023-07-06 08:27:08 Success.
2023-07-06 08:27:08 Latest version is 1.3.5
2023-07-06 08:27:08 App is up to date.
2023-07-06 14:21:52 Loading updated app package /home/n-09/.config/obsidian/obsidian-1.3.5.asar
2023-07-06 14:21:53 Checking for update using Github
2023-07-06 14:22:14 Success.
2023-07-06 14:22:14 Latest version is 1.3.5
2023-07-06 14:22:14 App is up to date.
2023-07-06 14:47:56 Loading updated app package /home/n-09/.config/obsidian/obsidian-1.3.5.asar
2023-07-06 14:47:57 Checking for update using Github
2023-07-06 14:47:57 Success.
2023-07-06 14:47:57 Latest version is 1.3.5
2023-07-06 14:47:57 App is up to date.
2023-07-06 14:53:30 Loading updated app package /home/n-09/.config/obsidian/obsidian-1.3.5.asar
2023-07-06 14:53:30 Checking for update using Github
2023-07-06 14:53:32 Success.
2023-07-06 14:53:32 Latest version is 1.3.5
2023-07-06 14:53:32 App is up to date.
2023-07-06 16:37:25 Loading updated app package /home/n-09/.config/obsidian/obsidian-1.3.5.asar
2023-07-06 16:37:26 Checking for update using Github
2023-07-06 16:37:31 Success.
2023-07-06 16:37:31 Latest version is 1.3.5
2023-07-06 16:37:31 App is up to date.
2023-07-06 17:07:09 Loading updated app package /home/n-09/.config/obsidian/obsidian-1.3.5.asar
2023-07-06 17:07:10 Checking for update using Github
2023-07-06 17:07:10 Success.
2023-07-06 17:07:10 Latest version is 1.3.5
2023-07-06 17:07:10 App is up to date.
2023-07-06 17:23:55 Loading updated app package /home/n-09/.config/obsidian/obsidian-1.3.5.asar
2023-07-06 17:23:56 Checking for update using Github
2023-07-06 17:23:57 Success.
2023-07-06 17:23:57 Latest version is 1.3.5
2023-07-06 17:23:57 App is up to date.
2023-07-07 02:14:47 Loading updated app package /home/n-09/.config/obsidian/obsidian-1.3.5.asar
2023-07-07 02:14:48 Checking for update using Github
2023-07-07 02:14:48 Success.
2023-07-07 02:14:48 Latest version is 1.3.5
2023-07-07 02:14:48 App is up to date.
2023-07-07 04:58:17 Loading updated app package /home/n-09/.config/obsidian/obsidian-1.3.5.asar
2023-07-07 04:58:18 Checking for update using Github
2023-07-07 04:58:18 Success.
2023-07-07 04:58:18 Latest version is 1.3.5
2023-07-07 04:58:18 App is up to date.
2023-07-07 05:59:25 Loading updated app package /home/n-09/.config/obsidian/obsidian-1.3.5.asar
2023-07-07 05:59:26 Checking for update using Github
2023-07-07 05:59:32 Success.
2023-07-07 05:59:32 Latest version is 1.3.5
2023-07-07 05:59:32 App is up to date.
2023-07-07 06:47:33 Loading updated app package /home/n-09/.config/obsidian/obsidian-1.3.5.asar
2023-07-07 06:47:34 Checking for update using Github
2023-07-07 06:59:25 Checking for update using Github
2023-07-07 06:59:26 Success.
2023-07-07 06:59:26 Latest version is 1.3.5
2023-07-07 06:59:26 App is up to date.
2023-07-07 07:29:44 Loading updated app package /home/n-09/.config/obsidian/obsidian-1.3.5.asar
2023-07-07 07:29:45 Checking for update using Github
2023-07-07 07:54:41 Loading updated app package /home/n-09/.config/obsidian/obsidian-1.3.5.asar
2023-07-07 07:54:42 Checking for update using Github
2023-07-07 07:54:42 Success.
2023-07-07 07:54:42 Latest version is 1.3.5
2023-07-07 07:54:42 App is up to date.
2023-07-07 09:19:37 Loading main app package /usr/lib/obsidian/obsidian.asar
2023-07-07 09:19:37 Checking for update using Github
2023-07-07 09:19:37 Success.
2023-07-07 09:19:37 Latest version is 1.3.5
2023-07-07 09:19:37 App is up to date.
2023-07-07 09:38:07 Loading main app package /usr/lib/obsidian/obsidian.asar
2023-07-07 09:38:07 Checking for update using Github
2023-07-07 09:38:08 Success.
2023-07-07 09:38:08 Latest version is 1.3.5
2023-07-07 09:38:08 App is up to date.
2023-07-07 09:48:38 Loading main app package /usr/lib/obsidian/obsidian.asar
2023-07-07 09:48:38 Checking for update using Github
2023-07-07 09:48:39 Success.
2023-07-07 09:48:39 Latest version is 1.3.5
2023-07-07 09:48:39 App is up to date.
2023-07-07 11:00:52 Loading main app package /usr/lib/obsidian/obsidian.asar
2023-07-07 11:00:52 Checking for update using Github
2023-07-07 11:00:53 Success.
2023-07-07 11:00:53 Latest version is 1.3.5
2023-07-07 11:00:53 App is up to date.
2023-07-07 11:16:19 Loading main app package /usr/lib/obsidian/obsidian.asar
2023-07-07 11:16:19 Checking for update using Github
2023-07-07 11:16:20 Success.
2023-07-07 11:16:20 Latest version is 1.3.5
2023-07-07 11:16:20 App is up to date.
2023-07-07 11:19:40 Loading main app package /usr/lib/obsidian/obsidian.asar
2023-07-07 11:19:40 Checking for update using Github
2023-07-07 11:19:40 Success.
2023-07-07 11:19:40 Latest version is 1.3.5
2023-07-07 11:19:40 App is up to date.
2023-07-07 15:01:07 Loading main app package /usr/lib/obsidian/obsidian.asar
2023-07-07 15:01:07 Checking for update using Github
2023-07-07 15:01:08 Success.
2023-07-07 15:01:08 Latest version is 1.3.5
2023-07-07 15:01:08 App is up to date.
2023-07-07 15:05:18 Loading main app package /usr/lib/obsidian/obsidian.asar
2023-07-07 15:05:18 Checking for update using Github
2023-07-07 15:05:18 Success.
2023-07-07 15:05:18 Latest version is 1.3.5
2023-07-07 15:05:18 App is up to date.
2023-07-08 05:22:58 Loading main app package /usr/lib/obsidian/obsidian.asar
2023-07-08 05:22:58 Checking for update using Github
2023-07-08 05:22:58 Success.
2023-07-08 05:22:58 Latest version is 1.3.5
2023-07-08 05:22:58 App is up to date.
2023-07-08 06:10:34 Loading main app package /usr/lib/obsidian/obsidian.asar
2023-07-08 06:10:34 Checking for update using Github
2023-07-08 06:10:34 Success.
2023-07-08 06:10:34 Latest version is 1.3.5
2023-07-08 06:10:34 App is up to date.
